<?xml version="1.0" encoding="UTF-8"?>
<!-- Generated by org.testng.reporters.JUnitXMLReporter -->
<testsuite hostname="DESKTOP-291TQQE" name="Test" tests="3" failures="0" timestamp="25 Feb 2020 05:32:33 GMT" time="0.035" errors="0">
  <testcase name="test_createuser" time="0.013" classname="groupForMethod.Group"/>
  <testcase name="test_deleteuser" time="0.001" classname="groupForMethod.Group"/>
  <testcase name="test_edituser" time="0.0" classname="groupForMethod.Group"/>
</testsuite> <!-- Test -->
